OpenBLAS blas_thread_init: pthread_create failed for thread 1 of 64: Resource temporarily unavailable
OpenBLAS blas_thread_init: ensure that your address space and process count limits are big enough (ulimit -a)
OpenBLAS blas_thread_init: or set a smaller OPENBLAS_NUM_THREADS to fit into what you have available
OpenBLAS blas_thread_init: RLIMIT_NPROC 800 current, 800 max
OpenBLAS blas_thread_init: pthread_create failed for thread 2 of 64: Resource temporarily unavailable
OpenBLAS blas_thread_init: ensure that your address space and process count limits are big enough (ulimit -a)
OpenBLAS blas_thread_init: or set a smaller OPENBLAS_NUM_THREADS to fit into what you have available
OpenBLAS blas_thread_init: RLIMIT_NPROC 800 current, 800 max
OpenBLAS blas_thread_init: pthread_create failed for thread 3 of 64: Resource temporarily unavailable
OpenBLAS blas_thread_init: ensure that your address space and process count limits are big enough (ulimit -a)
OpenBLAS blas_thread_init: or set a smaller OPENBLAS_NUM_THREADS to fit into what you have available
OpenBLAS blas_thread_init: RLIMIT_NPROC 800 current, 800 max
OpenBLAS blas_thread_init: pthread_create failed for thread 4 of 64: Resource temporarily unavailable
OpenBLAS blas_thread_init: ensure that your address space and process count limits are big enough (ulimit -a)
OpenBLAS blas_thread_init: or set a smaller OPENBLAS_NUM_THREADS to fit into what you have available
OpenBLAS blas_thread_init: RLIMIT_NPROC 800 current, 800 max
OpenBLAS blas_thread_init: pthread_create failed for thread 5 of 64: Resource temporarily unavailable
OpenBLAS blas_thread_init: ensure that your address space and process count limits are big enough (ulimit -a)
OpenBLAS blas_thread_init: or set a smaller OPENBLAS_NUM_THREADS to fit into what you have available
OpenBLAS blas_thread_init: RLIMIT_NPROC 800 current, 800 max
OpenBLAS blas_thread_init: pthread_create failed for thread 6 of 64: Resource temporarily unavailable
OpenBLAS blas_thread_init: ensure that your address space and process count limits are big enough (ulimit -a)
OpenBLAS blas_thread_init: or set a smaller OPENBLAS_NUM_THREADS to fit into what you have available
OpenBLAS blas_thread_init: RLIMIT_NPROC 800 current, 800 max
OpenBLAS blas_thread_init: pthread_create failed for thread 7 of 64: Resource temporarily unavailable
OpenBLAS blas_thread_init: ensure that your address space and process count limits are big enough (ulimit -a)
OpenBLAS blas_thread_init: or set a smaller OPENBLAS_NUM_THREADS to fit into what you have available
OpenBLAS blas_thread_init: RLIMIT_NPROC 800 current, 800 max
OpenBLAS blas_thread_init: pthread_create failed for thread 8 of 64: Resource temporarily unavailable
OpenBLAS blas_thread_init: ensure that your address space and process count limits are big enough (ulimit -a)
OpenBLAS blas_thread_init: or set a smaller OPENBLAS_NUM_THREADS to fit into what you have available
OpenBLAS blas_thread_init: RLIMIT_NPROC 800 current, 800 max
OpenBLAS blas_thread_init: pthread_create failed for thread 9 of 64: Resource temporarily unavailable
OpenBLAS blas_thread_init: ensure that your address space and process count limits are big enough (ulimit -a)
OpenBLAS blas_thread_init: or set a smaller OPENBLAS_NUM_THREADS to fit into what you have available
OpenBLAS blas_thread_init: RLIMIT_NPROC 800 current, 800 max
OpenBLAS blas_thread_init: pthread_create failed for thread 10 of 64: Resource temporarily unavailable
OpenBLAS blas_thread_init: ensure that your address space and process count limits are big enough (ulimit -a)
OpenBLAS blas_thread_init: or set a smaller OPENBLAS_NUM_THREADS to fit into what you have available
OpenBLAS blas_thread_init: RLIMIT_NPROC 800 current, 800 max
OpenBLAS blas_thread_init: pthread_create failed for thread 11 of 64: Resource temporarily unavailable
OpenBLAS blas_thread_init: ensure that your address space and process count limits are big enough (ulimit -a)
OpenBLAS blas_thread_init: or set a smaller OPENBLAS_NUM_THREADS to fit into what you have available
OpenBLAS blas_thread_init: RLIMIT_NPROC 800 current, 800 max
OpenBLAS blas_thread_init: pthread_create failed for thread 12 of 64: Resource temporarily unavailable
OpenBLAS blas_thread_init: ensure that your address space and process count limits are big enough (ulimit -a)
OpenBLAS blas_thread_init: or set a smaller OPENBLAS_NUM_THREADS to fit into what you have available
OpenBLAS blas_thread_init: RLIMIT_NPROC 800 current, 800 max
OpenBLAS blas_thread_init: pthread_create failed for thread 13 of 64: Resource temporarily unavailable
OpenBLAS blas_thread_init: ensure that your address space and process count limits are big enough (ulimit -a)
OpenBLAS blas_thread_init: or set a smaller OPENBLAS_NUM_THREADS to fit into what you have available
OpenBLAS blas_thread_init: RLIMIT_NPROC 800 current, 800 max
OpenBLAS blas_thread_init: pthread_create failed for thread 14 of 64: Resource temporarily unavailable
OpenBLAS blas_thread_init: ensure that your address space and process count limits are big enough (ulimit -a)
OpenBLAS blas_thread_init: or set a smaller OPENBLAS_NUM_THREADS to fit into what you have available
OpenBLAS blas_thread_init: RLIMIT_NPROC 800 current, 800 max
OpenBLAS blas_thread_init: pthread_create failed for thread 15 of 64: Resource temporarily unavailable
OpenBLAS blas_thread_init: ensure that your address space and process count limits are big enough (ulimit -a)
OpenBLAS blas_thread_init: or set a smaller OPENBLAS_NUM_THREADS to fit into what you have available
OpenBLAS blas_thread_init: RLIMIT_NPROC 800 current, 800 max
OpenBLAS blas_thread_init: pthread_create failed for thread 16 of 64: Resource temporarily unavailable
OpenBLAS blas_thread_init: ensure that your address space and process count limits are big enough (ulimit -a)
OpenBLAS blas_thread_init: or set a smaller OPENBLAS_NUM_THREADS to fit into what you have available
OpenBLAS blas_thread_init: RLIMIT_NPROC 800 current, 800 max
OpenBLAS blas_thread_init: pthread_create failed for thread 17 of 64: Resource temporarily unavailable
OpenBLAS blas_thread_init: ensure that your address space and process count limits are big enough (ulimit -a)
OpenBLAS blas_thread_init: or set a smaller OPENBLAS_NUM_THREADS to fit into what you have available
OpenBLAS blas_thread_init: RLIMIT_NPROC 800 current, 800 max
OpenBLAS blas_thread_init: pthread_create failed for thread 18 of 64: Resource temporarily unavailable
OpenBLAS blas_thread_init: ensure that your address space and process count limits are big enough (ulimit -a)
OpenBLAS blas_thread_init: or set a smaller OPENBLAS_NUM_THREADS to fit into what you have available
OpenBLAS blas_thread_init: RLIMIT_NPROC 800 current, 800 max
OpenBLAS blas_thread_init: pthread_create failed for thread 19 of 64: Resource temporarily unavailable
OpenBLAS blas_thread_init: ensure that your address space and process count limits are big enough (ulimit -a)
OpenBLAS blas_thread_init: or set a smaller OPENBLAS_NUM_THREADS to fit into what you have available
OpenBLAS blas_thread_init: RLIMIT_NPROC 800 current, 800 max
OpenBLAS blas_thread_init: pthread_create failed for thread 20 of 64: Resource temporarily unavailable
OpenBLAS blas_thread_init: ensure that your address space and process count limits are big enough (ulimit -a)
OpenBLAS blas_thread_init: or set a smaller OPENBLAS_NUM_THREADS to fit into what you have available
OpenBLAS blas_thread_init: RLIMIT_NPROC 800 current, 800 max
OpenBLAS blas_thread_init: pthread_create failed for thread 21 of 64: Resource temporarily unavailable
OpenBLAS blas_thread_init: ensure that your address space and process count limits are big enough (ulimit -a)
OpenBLAS blas_thread_init: or set a smaller OPENBLAS_NUM_THREADS to fit into what you have available
OpenBLAS blas_thread_init: RLIMIT_NPROC 800 current, 800 max
OpenBLAS blas_thread_init: pthread_create failed for thread 22 of 64: Resource temporarily unavailable
OpenBLAS blas_thread_init: ensure that your address space and process count limits are big enough (ulimit -a)
OpenBLAS blas_thread_init: or set a smaller OPENBLAS_NUM_THREADS to fit into what you have available
OpenBLAS blas_thread_init: RLIMIT_NPROC 800 current, 800 max
OpenBLAS blas_thread_init: pthread_create failed for thread 23 of 64: Resource temporarily unavailable
OpenBLAS blas_thread_init: ensure that your address space and process count limits are big enough (ulimit -a)
OpenBLAS blas_thread_init: or set a smaller OPENBLAS_NUM_THREADS to fit into what you have available
OpenBLAS blas_thread_init: RLIMIT_NPROC 800 current, 800 max
OpenBLAS blas_thread_init: pthread_create failed for thread 24 of 64: Resource temporarily unavailable
OpenBLAS blas_thread_init: ensure that your address space and process count limits are big enough (ulimit -a)
OpenBLAS blas_thread_init: or set a smaller OPENBLAS_NUM_THREADS to fit into what you have available
OpenBLAS blas_thread_init: RLIMIT_NPROC 800 current, 800 max
OpenBLAS blas_thread_init: pthread_create failed for thread 25 of 64: Resource temporarily unavailable
OpenBLAS blas_thread_init: ensure that your address space and process count limits are big enough (ulimit -a)
OpenBLAS blas_thread_init: or set a smaller OPENBLAS_NUM_THREADS to fit into what you have available
OpenBLAS blas_thread_init: RLIMIT_NPROC 800 current, 800 max
OpenBLAS blas_thread_init: pthread_create failed for thread 26 of 64: Resource temporarily unavailable
OpenBLAS blas_thread_init: ensure that your address space and process count limits are big enough (ulimit -a)
OpenBLAS blas_thread_init: or set a smaller OPENBLAS_NUM_THREADS to fit into what you have available
OpenBLAS blas_thread_init: RLIMIT_NPROC 800 current, 800 max
OpenBLAS blas_thread_init: pthread_create failed for thread 27 of 64: Resource temporarily unavailable
OpenBLAS blas_thread_init: ensure that your address space and process count limits are big enough (ulimit -a)
OpenBLAS blas_thread_init: or set a smaller OPENBLAS_NUM_THREADS to fit into what you have available
OpenBLAS blas_thread_init: RLIMIT_NPROC 800 current, 800 max
OpenBLAS blas_thread_init: pthread_create failed for thread 28 of 64: Resource temporarily unavailable
OpenBLAS blas_thread_init: ensure that your address space and process count limits are big enough (ulimit -a)
OpenBLAS blas_thread_init: or set a smaller OPENBLAS_NUM_THREADS to fit into what you have available
OpenBLAS blas_thread_init: RLIMIT_NPROC 800 current, 800 max
OpenBLAS blas_thread_init: pthread_create failed for thread 29 of 64: Resource temporarily unavailable
OpenBLAS blas_thread_init: ensure that your address space and process count limits are big enough (ulimit -a)
OpenBLAS blas_thread_init: or set a smaller OPENBLAS_NUM_THREADS to fit into what you have available
OpenBLAS blas_thread_init: RLIMIT_NPROC 800 current, 800 max
OpenBLAS blas_thread_init: pthread_create failed for thread 30 of 64: Resource temporarily unavailable
OpenBLAS blas_thread_init: ensure that your address space and process count limits are big enough (ulimit -a)
OpenBLAS blas_thread_init: or set a smaller OPENBLAS_NUM_THREADS to fit into what you have available
OpenBLAS blas_thread_init: RLIMIT_NPROC 800 current, 800 max
OpenBLAS blas_thread_init: pthread_create failed for thread 31 of 64: Resource temporarily unavailable
OpenBLAS blas_thread_init: ensure that your address space and process count limits are big enough (ulimit -a)
OpenBLAS blas_thread_init: or set a smaller OPENBLAS_NUM_THREADS to fit into what you have available
OpenBLAS blas_thread_init: RLIMIT_NPROC 800 current, 800 max
OpenBLAS blas_thread_init: pthread_create failed for thread 32 of 64: Resource temporarily unavailable
OpenBLAS blas_thread_init: ensure that your address space and process count limits are big enough (ulimit -a)
OpenBLAS blas_thread_init: or set a smaller OPENBLAS_NUM_THREADS to fit into what you have available
OpenBLAS blas_thread_init: RLIMIT_NPROC 800 current, 800 max
OpenBLAS blas_thread_init: pthread_create failed for thread 33 of 64: Resource temporarily unavailable
OpenBLAS blas_thread_init: ensure that your address space and process count limits are big enough (ulimit -a)
OpenBLAS blas_thread_init: or set a smaller OPENBLAS_NUM_THREADS to fit into what you have available
OpenBLAS blas_thread_init: RLIMIT_NPROC 800 current, 800 max
OpenBLAS blas_thread_init: pthread_create failed for thread 34 of 64: Resource temporarily unavailable
OpenBLAS blas_thread_init: ensure that your address space and process count limits are big enough (ulimit -a)
OpenBLAS blas_thread_init: or set a smaller OPENBLAS_NUM_THREADS to fit into what you have available
OpenBLAS blas_thread_init: RLIMIT_NPROC 800 current, 800 max
OpenBLAS blas_thread_init: pthread_create failed for thread 35 of 64: Resource temporarily unavailable
OpenBLAS blas_thread_init: ensure that your address space and process count limits are big enough (ulimit -a)
OpenBLAS blas_thread_init: or set a smaller OPENBLAS_NUM_THREADS to fit into what you have available
OpenBLAS blas_thread_init: RLIMIT_NPROC 800 current, 800 max
OpenBLAS blas_thread_init: pthread_create failed for thread 36 of 64: Resource temporarily unavailable
OpenBLAS blas_thread_init: ensure that your address space and process count limits are big enough (ulimit -a)
OpenBLAS blas_thread_init: or set a smaller OPENBLAS_NUM_THREADS to fit into what you have available
OpenBLAS blas_thread_init: RLIMIT_NPROC 800 current, 800 max
OpenBLAS blas_thread_init: pthread_create failed for thread 37 of 64: Resource temporarily unavailable
OpenBLAS blas_thread_init: ensure that your address space and process count limits are big enough (ulimit -a)
OpenBLAS blas_thread_init: or set a smaller OPENBLAS_NUM_THREADS to fit into what you have available
OpenBLAS blas_thread_init: RLIMIT_NPROC 800 current, 800 max
OpenBLAS blas_thread_init: pthread_create failed for thread 38 of 64: Resource temporarily unavailable
OpenBLAS blas_thread_init: ensure that your address space and process count limits are big enough (ulimit -a)
OpenBLAS blas_thread_init: or set a smaller OPENBLAS_NUM_THREADS to fit into what you have available
OpenBLAS blas_thread_init: RLIMIT_NPROC 800 current, 800 max
OpenBLAS blas_thread_init: pthread_create failed for thread 39 of 64: Resource temporarily unavailable
OpenBLAS blas_thread_init: ensure that your address space and process count limits are big enough (ulimit -a)
OpenBLAS blas_thread_init: or set a smaller OPENBLAS_NUM_THREADS to fit into what you have available
OpenBLAS blas_thread_init: RLIMIT_NPROC 800 current, 800 max
OpenBLAS blas_thread_init: pthread_create failed for thread 40 of 64: Resource temporarily unavailable
OpenBLAS blas_thread_init: ensure that your address space and process count limits are big enough (ulimit -a)
OpenBLAS blas_thread_init: or set a smaller OPENBLAS_NUM_THREADS to fit into what you have available
OpenBLAS blas_thread_init: RLIMIT_NPROC 800 current, 800 max
OpenBLAS blas_thread_init: pthread_create failed for thread 41 of 64: Resource temporarily unavailable
OpenBLAS blas_thread_init: ensure that your address space and process count limits are big enough (ulimit -a)
OpenBLAS blas_thread_init: or set a smaller OPENBLAS_NUM_THREADS to fit into what you have available
OpenBLAS blas_thread_init: RLIMIT_NPROC 800 current, 800 max
OpenBLAS blas_thread_init: pthread_create failed for thread 42 of 64: Resource temporarily unavailable
OpenBLAS blas_thread_init: ensure that your address space and process count limits are big enough (ulimit -a)
OpenBLAS blas_thread_init: or set a smaller OPENBLAS_NUM_THREADS to fit into what you have available
OpenBLAS blas_thread_init: RLIMIT_NPROC 800 current, 800 max
OpenBLAS blas_thread_init: pthread_create failed for thread 43 of 64: Resource temporarily unavailable
OpenBLAS blas_thread_init: ensure that your address space and process count limits are big enough (ulimit -a)
OpenBLAS blas_thread_init: or set a smaller OPENBLAS_NUM_THREADS to fit into what you have available
OpenBLAS blas_thread_init: RLIMIT_NPROC 800 current, 800 max
OpenBLAS blas_thread_init: pthread_create failed for thread 44 of 64: Resource temporarily unavailable
OpenBLAS blas_thread_init: ensure that your address space and process count limits are big enough (ulimit -a)
OpenBLAS blas_thread_init: or set a smaller OPENBLAS_NUM_THREADS to fit into what you have available
OpenBLAS blas_thread_init: RLIMIT_NPROC 800 current, 800 max
OpenBLAS blas_thread_init: pthread_create failed for thread 45 of 64: Resource temporarily unavailable
OpenBLAS blas_thread_init: ensure that your address space and process count limits are big enough (ulimit -a)
OpenBLAS blas_thread_init: or set a smaller OPENBLAS_NUM_THREADS to fit into what you have available
OpenBLAS blas_thread_init: RLIMIT_NPROC 800 current, 800 max
OpenBLAS blas_thread_init: pthread_create failed for thread 46 of 64: Resource temporarily unavailable
OpenBLAS blas_thread_init: ensure that your address space and process count limits are big enough (ulimit -a)
OpenBLAS blas_thread_init: or set a smaller OPENBLAS_NUM_THREADS to fit into what you have available
OpenBLAS blas_thread_init: RLIMIT_NPROC 800 current, 800 max
OpenBLAS blas_thread_init: pthread_create failed for thread 47 of 64: Resource temporarily unavailable
OpenBLAS blas_thread_init: ensure that your address space and process count limits are big enough (ulimit -a)
OpenBLAS blas_thread_init: or set a smaller OPENBLAS_NUM_THREADS to fit into what you have available
OpenBLAS blas_thread_init: RLIMIT_NPROC 800 current, 800 max
OpenBLAS blas_thread_init: pthread_create failed for thread 48 of 64: Resource temporarily unavailable
OpenBLAS blas_thread_init: ensure that your address space and process count limits are big enough (ulimit -a)
OpenBLAS blas_thread_init: or set a smaller OPENBLAS_NUM_THREADS to fit into what you have available
OpenBLAS blas_thread_init: RLIMIT_NPROC 800 current, 800 max
OpenBLAS blas_thread_init: pthread_create failed for thread 49 of 64: Resource temporarily unavailable
OpenBLAS blas_thread_init: ensure that your address space and process count limits are big enough (ulimit -a)
OpenBLAS blas_thread_init: or set a smaller OPENBLAS_NUM_THREADS to fit into what you have available
OpenBLAS blas_thread_init: RLIMIT_NPROC 800 current, 800 max
OpenBLAS blas_thread_init: pthread_create failed for thread 50 of 64: Resource temporarily unavailable
OpenBLAS blas_thread_init: ensure that your address space and process count limits are big enough (ulimit -a)
OpenBLAS blas_thread_init: or set a smaller OPENBLAS_NUM_THREADS to fit into what you have available
OpenBLAS blas_thread_init: RLIMIT_NPROC 800 current, 800 max
OpenBLAS blas_thread_init: pthread_create failed for thread 51 of 64: Resource temporarily unavailable
OpenBLAS blas_thread_init: ensure that your address space and process count limits are big enough (ulimit -a)
OpenBLAS blas_thread_init: or set a smaller OPENBLAS_NUM_THREADS to fit into what you have available
OpenBLAS blas_thread_init: RLIMIT_NPROC 800 current, 800 max
OpenBLAS blas_thread_init: pthread_create failed for thread 52 of 64: Resource temporarily unavailable
OpenBLAS blas_thread_init: ensure that your address space and process count limits are big enough (ulimit -a)
OpenBLAS blas_thread_init: or set a smaller OPENBLAS_NUM_THREADS to fit into what you have available
OpenBLAS blas_thread_init: RLIMIT_NPROC 800 current, 800 max
OpenBLAS blas_thread_init: pthread_create failed for thread 53 of 64: Resource temporarily unavailable
OpenBLAS blas_thread_init: ensure that your address space and process count limits are big enough (ulimit -a)
OpenBLAS blas_thread_init: or set a smaller OPENBLAS_NUM_THREADS to fit into what you have available
OpenBLAS blas_thread_init: RLIMIT_NPROC 800 current, 800 max
OpenBLAS blas_thread_init: pthread_create failed for thread 54 of 64: Resource temporarily unavailable
OpenBLAS blas_thread_init: ensure that your address space and process count limits are big enough (ulimit -a)
OpenBLAS blas_thread_init: or set a smaller OPENBLAS_NUM_THREADS to fit into what you have available
OpenBLAS blas_thread_init: RLIMIT_NPROC 800 current, 800 max
OpenBLAS blas_thread_init: pthread_create failed for thread 55 of 64: Resource temporarily unavailable
OpenBLAS blas_thread_init: ensure that your address space and process count limits are big enough (ulimit -a)
OpenBLAS blas_thread_init: or set a smaller OPENBLAS_NUM_THREADS to fit into what you have available
OpenBLAS blas_thread_init: RLIMIT_NPROC 800 current, 800 max
OpenBLAS blas_thread_init: pthread_create failed for thread 56 of 64: Resource temporarily unavailable
OpenBLAS blas_thread_init: ensure that your address space and process count limits are big enough (ulimit -a)
OpenBLAS blas_thread_init: or set a smaller OPENBLAS_NUM_THREADS to fit into what you have available
OpenBLAS blas_thread_init: RLIMIT_NPROC 800 current, 800 max
OpenBLAS blas_thread_init: pthread_create failed for thread 57 of 64: Resource temporarily unavailable
OpenBLAS blas_thread_init: ensure that your address space and process count limits are big enough (ulimit -a)
OpenBLAS blas_thread_init: or set a smaller OPENBLAS_NUM_THREADS to fit into what you have available
OpenBLAS blas_thread_init: RLIMIT_NPROC 800 current, 800 max
OpenBLAS blas_thread_init: pthread_create failed for thread 58 of 64: Resource temporarily unavailable
OpenBLAS blas_thread_init: ensure that your address space and process count limits are big enough (ulimit -a)
OpenBLAS blas_thread_init: or set a smaller OPENBLAS_NUM_THREADS to fit into what you have available
OpenBLAS blas_thread_init: RLIMIT_NPROC 800 current, 800 max
OpenBLAS blas_thread_init: pthread_create failed for thread 59 of 64: Resource temporarily unavailable
OpenBLAS blas_thread_init: ensure that your address space and process count limits are big enough (ulimit -a)
OpenBLAS blas_thread_init: or set a smaller OPENBLAS_NUM_THREADS to fit into what you have available
OpenBLAS blas_thread_init: RLIMIT_NPROC 800 current, 800 max
OpenBLAS blas_thread_init: pthread_create failed for thread 60 of 64: Resource temporarily unavailable
OpenBLAS blas_thread_init: ensure that your address space and process count limits are big enough (ulimit -a)
OpenBLAS blas_thread_init: or set a smaller OPENBLAS_NUM_THREADS to fit into what you have available
OpenBLAS blas_thread_init: RLIMIT_NPROC 800 current, 800 max
OpenBLAS blas_thread_init: pthread_create failed for thread 61 of 64: Resource temporarily unavailable
OpenBLAS blas_thread_init: ensure that your address space and process count limits are big enough (ulimit -a)
OpenBLAS blas_thread_init: or set a smaller OPENBLAS_NUM_THREADS to fit into what you have available
OpenBLAS blas_thread_init: RLIMIT_NPROC 800 current, 800 max
OpenBLAS blas_thread_init: pthread_create failed for thread 62 of 64: Resource temporarily unavailable
OpenBLAS blas_thread_init: ensure that your address space and process count limits are big enough (ulimit -a)
OpenBLAS blas_thread_init: or set a smaller OPENBLAS_NUM_THREADS to fit into what you have available
OpenBLAS blas_thread_init: RLIMIT_NPROC 800 current, 800 max
OpenBLAS blas_thread_init: pthread_create failed for thread 63 of 64: Resource temporarily unavailable
OpenBLAS blas_thread_init: ensure that your address space and process count limits are big enough (ulimit -a)
OpenBLAS blas_thread_init: or set a smaller OPENBLAS_NUM_THREADS to fit into what you have available
OpenBLAS blas_thread_init: RLIMIT_NPROC 800 current, 800 max
/gpuhome/czc5884/.conda/envs/mooncast/lib/python3.10/site-packages/librosa/util/files.py:10: UserWarning: pkg_resources is deprecated as an API. See https://setuptools.pypa.io/en/latest/pkg_resources.html. The pkg_resources package is slated for removal as early as 2025-11-30. Refrain from using this package or pin to Setuptools<81.
  from pkg_resources import resource_filename
/gpuhome/czc5884/.conda/envs/mooncast/lib/python3.10/site-packages/torch/cuda/__init__.py:182: UserWarning: CUDA initialization: Unexpected error from cudaGetDeviceCount(). Did you run some cuda functions before calling NumCudaDevices() that might have already set an error? Error 304: OS call failed or operation not supported on this OS (Triggered internally at /pytorch/c10/cuda/CUDAFunctions.cpp:119.)
  return torch._C._cuda_getDeviceCount() > 0
[INFO] Initializing MoonCast Model...
> set add_dummy_prefix to False ...
Traceback (most recent call last):
  File "/gpuhome/czc5884/work/MoonCast-mad3/process_mad3.py", line 256, in <module>
    main()
  File "/gpuhome/czc5884/work/MoonCast-mad3/process_mad3.py", line 208, in main
    model = Model(args)
  File "/gpuhome/czc5884/work/MoonCast-mad3/process_mad3.py", line 38, in __init__
    dtype_map = {"bf16": torch.bfloat16, "fp16": torch.float16, "auto": torch.bfloat16 if torch.cuda.is_bf16_supported() else torch.float16}
  File "/gpuhome/czc5884/.conda/envs/mooncast/lib/python3.10/site-packages/torch/cuda/__init__.py", line 196, in is_bf16_supported
    device = torch.cuda.current_device()
  File "/gpuhome/czc5884/.conda/envs/mooncast/lib/python3.10/site-packages/torch/cuda/__init__.py", line 1069, in current_device
    _lazy_init()
  File "/gpuhome/czc5884/.conda/envs/mooncast/lib/python3.10/site-packages/torch/cuda/__init__.py", line 410, in _lazy_init
    torch._C._cuda_init()
RuntimeError: Unexpected error from cudaGetDeviceCount(). Did you run some cuda functions before calling NumCudaDevices() that might have already set an error? Error 304: OS call failed or operation not supported on this OS
