/gpuhome/czc5884/.conda/envs/mooncast/lib/python3.10/site-packages/librosa/util/files.py:10: UserWarning: pkg_resources is deprecated as an API. See https://setuptools.pypa.io/en/latest/pkg_resources.html. The pkg_resources package is slated for removal as early as 2025-11-30. Refrain from using this package or pin to Setuptools<81.
  from pkg_resources import resource_filename
/gpuhome/czc5884/.conda/envs/mooncast/lib/python3.10/site-packages/torch/cuda/__init__.py:182: UserWarning: CUDA initialization: Unexpected error from cudaGetDeviceCount(). Did you run some cuda functions before calling NumCudaDevices() that might have already set an error? Error 304: OS call failed or operation not supported on this OS (Triggered internally at /pytorch/c10/cuda/CUDAFunctions.cpp:119.)
  return torch._C._cuda_getDeviceCount() > 0
[INFO] Initializing MoonCast Model...
> set add_dummy_prefix to False ...
Traceback (most recent call last):
  File "/gpuhome/czc5884/work/MoonCast-mad3/process_mad3.py", line 256, in <module>
    main()
  File "/gpuhome/czc5884/work/MoonCast-mad3/process_mad3.py", line 208, in main
    model = Model(args)
  File "/gpuhome/czc5884/work/MoonCast-mad3/process_mad3.py", line 38, in __init__
    dtype_map = {"bf16": torch.bfloat16, "fp16": torch.float16, "auto": torch.bfloat16 if torch.cuda.is_bf16_supported() else torch.float16}
  File "/gpuhome/czc5884/.conda/envs/mooncast/lib/python3.10/site-packages/torch/cuda/__init__.py", line 196, in is_bf16_supported
    device = torch.cuda.current_device()
  File "/gpuhome/czc5884/.conda/envs/mooncast/lib/python3.10/site-packages/torch/cuda/__init__.py", line 1069, in current_device
    _lazy_init()
  File "/gpuhome/czc5884/.conda/envs/mooncast/lib/python3.10/site-packages/torch/cuda/__init__.py", line 410, in _lazy_init
    torch._C._cuda_init()
RuntimeError: Unexpected error from cudaGetDeviceCount(). Did you run some cuda functions before calling NumCudaDevices() that might have already set an error? Error 304: OS call failed or operation not supported on this OS
